2022-11-29 16:25:06 base.py[line:171] INFO Scheduler started
2022-11-29 16:25:06 base.py[line:171] INFO Scheduler started
2022-11-29 16:25:06 autoreload.py[line:677] INFO Watching for file changes with StatReloader
2022-11-29 16:45:14 autoreload.py[line:266] INFO C:\Users\virgi\Documents\Code\Python\donateNoti\donate\signals.py changed, reloading.
2022-11-29 16:45:14 base.py[line:171] INFO Scheduler started
2022-11-29 16:45:14 autoreload.py[line:677] INFO Watching for file changes with StatReloader
2022-11-29 16:45:16 autoreload.py[line:266] INFO C:\Users\virgi\Documents\Code\Python\donateNoti\donate\signals.py changed, reloading.
2022-11-29 16:46:19 base.py[line:171] INFO Scheduler started
2022-11-29 16:46:19 autoreload.py[line:677] INFO Watching for file changes with StatReloader
2022-11-29 16:48:52 autoreload.py[line:266] INFO C:\Users\virgi\Documents\Code\Python\donateNoti\donate\signals.py changed, reloading.
2022-11-29 16:48:52 base.py[line:171] INFO Scheduler started
2022-11-29 16:48:52 autoreload.py[line:677] INFO Watching for file changes with StatReloader
2022-11-29 16:49:34 autoreload.py[line:266] INFO C:\Users\virgi\Documents\Code\Python\donateNoti\donate\signals.py changed, reloading.
2022-11-29 16:49:34 base.py[line:171] INFO Scheduler started
2022-11-29 16:49:34 autoreload.py[line:677] INFO Watching for file changes with StatReloader
2022-11-29 17:06:25 autoreload.py[line:266] INFO C:\Users\virgi\Documents\Code\Python\donateNoti\donate\signals.py changed, reloading.
2022-11-29 17:07:56 base.py[line:171] INFO Scheduler started
2022-11-29 17:07:56 autoreload.py[line:677] INFO Watching for file changes with StatReloader
2022-11-29 17:08:21 autoreload.py[line:266] INFO C:\Users\virgi\Documents\Code\Python\donateNoti\donate\signals.py changed, reloading.
2022-11-29 17:08:22 base.py[line:171] INFO Scheduler started
2022-11-29 17:08:22 autoreload.py[line:677] INFO Watching for file changes with StatReloader
2022-11-29 17:11:03 autoreload.py[line:266] INFO C:\Users\virgi\Documents\Code\Python\donateNoti\donate\signals.py changed, reloading.
2022-11-29 17:11:04 base.py[line:171] INFO Scheduler started
2022-11-29 17:11:04 autoreload.py[line:677] INFO Watching for file changes with StatReloader
2022-11-29 17:11:05 autoreload.py[line:266] INFO C:\Users\virgi\Documents\Code\Python\donateNoti\donate\signals.py changed, reloading.
2022-11-29 17:11:06 base.py[line:171] INFO Scheduler started
2022-11-29 17:11:06 autoreload.py[line:677] INFO Watching for file changes with StatReloader
2022-11-29 17:12:32 autoreload.py[line:266] INFO C:\Users\virgi\Documents\Code\Python\donateNoti\donate\signals.py changed, reloading.
2022-11-29 17:12:33 base.py[line:171] INFO Scheduler started
2022-11-29 17:12:33 autoreload.py[line:677] INFO Watching for file changes with StatReloader
2022-11-29 17:15:27 autoreload.py[line:266] INFO C:\Users\virgi\Documents\Code\Python\donateNoti\donate\signals.py changed, reloading.
2022-11-29 17:15:28 base.py[line:171] INFO Scheduler started
2022-11-29 17:15:28 autoreload.py[line:677] INFO Watching for file changes with StatReloader
2022-11-29 17:29:19 base.py[line:171] INFO Scheduler started
2022-11-29 17:30:22 autoreload.py[line:266] INFO C:\Users\virgi\Documents\Code\Python\donateNoti\donate\signals.py changed, reloading.
2022-11-29 17:30:22 base.py[line:171] INFO Scheduler started
2022-11-29 17:30:22 autoreload.py[line:677] INFO Watching for file changes with StatReloader
2022-11-29 17:33:25 autoreload.py[line:266] INFO C:\Users\virgi\Documents\Code\Python\donateNoti\donate\models.py changed, reloading.
2022-11-29 17:33:26 base.py[line:171] INFO Scheduler started
2022-11-29 17:33:26 autoreload.py[line:677] INFO Watching for file changes with StatReloader
2022-11-29 17:33:31 autoreload.py[line:266] INFO C:\Users\virgi\Documents\Code\Python\donateNoti\donate\models.py changed, reloading.
2022-11-29 17:33:31 base.py[line:171] INFO Scheduler started
2022-11-29 17:33:31 autoreload.py[line:677] INFO Watching for file changes with StatReloader
2022-11-29 17:33:37 base.py[line:171] INFO Scheduler started
2022-11-29 17:33:41 base.py[line:171] INFO Scheduler started
2022-11-29 17:33:47 base.py[line:171] INFO Scheduler started
2022-11-29 17:35:21 base.py[line:171] INFO Scheduler started
2022-11-29 17:35:24 base.py[line:171] INFO Scheduler started
2022-11-29 17:35:26 base.py[line:171] INFO Scheduler started
2022-11-29 17:35:36 base.py[line:171] INFO Scheduler started
2022-11-29 17:36:11 base.py[line:171] INFO Scheduler started
2022-11-29 17:36:13 base.py[line:171] INFO Scheduler started
2022-11-29 17:36:17 base.py[line:171] INFO Scheduler started
2022-11-29 17:47:00 base.py[line:171] INFO Scheduler started
2022-11-29 17:47:27 base.py[line:171] INFO Scheduler started
2022-11-29 17:47:36 base.py[line:171] INFO Scheduler started
2022-11-29 20:00:02 base.py[line:171] INFO Scheduler started
2022-11-29 20:00:03 base.py[line:171] INFO Scheduler started
2022-11-29 20:00:03 autoreload.py[line:677] INFO Watching for file changes with StatReloader
2022-11-29 20:00:46 autoreload.py[line:266] INFO C:\Users\virgi\Documents\Code\Python\donateNoti\donate\urls.py changed, reloading.
2022-11-29 20:00:47 base.py[line:171] INFO Scheduler started
2022-11-29 20:00:47 autoreload.py[line:677] INFO Watching for file changes with StatReloader
2022-11-29 20:00:52 log.py[line:241] WARNING Method Not Allowed: /streamer/
2022-11-29 20:00:57 autoreload.py[line:266] INFO C:\Users\virgi\Documents\Code\Python\donateNoti\donate\urls.py changed, reloading.
2022-11-29 20:00:58 base.py[line:171] INFO Scheduler started
2022-11-29 20:00:58 autoreload.py[line:677] INFO Watching for file changes with StatReloader
2022-11-29 20:00:59 log.py[line:241] WARNING Method Not Allowed: /streamer/
2022-11-29 20:01:21 log.py[line:241] WARNING Method Not Allowed: /streamer/
2022-11-29 20:01:36 autoreload.py[line:266] INFO C:\Users\virgi\Documents\Code\Python\donateNoti\donate\urls.py changed, reloading.
2022-11-29 20:01:37 base.py[line:171] INFO Scheduler started
2022-11-29 20:01:37 autoreload.py[line:677] INFO Watching for file changes with StatReloader
2022-11-29 20:02:55 autoreload.py[line:266] INFO C:\Users\virgi\Documents\Code\Python\donateNoti\donate\urls.py changed, reloading.
2022-11-29 20:02:55 base.py[line:171] INFO Scheduler started
2022-11-29 20:02:55 autoreload.py[line:677] INFO Watching for file changes with StatReloader
2022-11-29 20:04:28 autoreload.py[line:266] INFO C:\Users\virgi\Documents\Code\Python\donateNoti\donate\urls.py changed, reloading.
2022-11-29 20:04:29 base.py[line:171] INFO Scheduler started
2022-11-29 20:04:29 autoreload.py[line:677] INFO Watching for file changes with StatReloader
2022-11-29 20:04:37 autoreload.py[line:266] INFO C:\Users\virgi\Documents\Code\Python\donateNoti\donate\views.py changed, reloading.
2022-11-29 20:04:37 base.py[line:171] INFO Scheduler started
2022-11-29 20:04:37 autoreload.py[line:677] INFO Watching for file changes with StatReloader
2022-11-29 20:04:43 autoreload.py[line:266] INFO C:\Users\virgi\Documents\Code\Python\donateNoti\donate\urls.py changed, reloading.
2022-11-29 20:04:43 base.py[line:171] INFO Scheduler started
2022-11-29 20:04:43 autoreload.py[line:677] INFO Watching for file changes with StatReloader
2022-11-29 20:04:46 autoreload.py[line:266] INFO C:\Users\virgi\Documents\Code\Python\donateNoti\donate\urls.py changed, reloading.
2022-11-29 20:04:46 base.py[line:171] INFO Scheduler started
2022-11-29 20:04:46 autoreload.py[line:677] INFO Watching for file changes with StatReloader
2022-11-29 20:05:59 autoreload.py[line:266] INFO C:\Users\virgi\Documents\Code\Python\donateNoti\donate\urls.py changed, reloading.
2022-11-29 20:06:00 base.py[line:171] INFO Scheduler started
2022-11-29 20:06:00 autoreload.py[line:677] INFO Watching for file changes with StatReloader
2022-11-29 20:06:28 autoreload.py[line:266] INFO C:\Users\virgi\Documents\Code\Python\donateNoti\donate\urls.py changed, reloading.
2022-11-29 20:06:28 base.py[line:171] INFO Scheduler started
2022-11-29 20:06:28 autoreload.py[line:677] INFO Watching for file changes with StatReloader
2022-11-29 20:06:32 autoreload.py[line:266] INFO C:\Users\virgi\Documents\Code\Python\donateNoti\donate\urls.py changed, reloading.
2022-11-29 20:06:32 base.py[line:171] INFO Scheduler started
2022-11-29 20:06:32 autoreload.py[line:677] INFO Watching for file changes with StatReloader
2022-11-29 20:06:37 log.py[line:241] WARNING Not Found: /streamer/
2022-11-29 20:06:43 log.py[line:241] WARNING Method Not Allowed: /api/streamer/
2022-11-29 20:06:56 autoreload.py[line:266] INFO C:\Users\virgi\Documents\Code\Python\donateNoti\donate\urls.py changed, reloading.
2022-11-29 20:06:56 base.py[line:171] INFO Scheduler started
2022-11-29 20:06:56 autoreload.py[line:677] INFO Watching for file changes with StatReloader
2022-11-29 21:06:16 autoreload.py[line:266] INFO C:\Users\virgi\Documents\Code\Python\donateNoti\donate\models.py changed, reloading.
2022-11-29 21:06:58 base.py[line:171] INFO Scheduler started
2022-11-29 21:06:59 base.py[line:171] INFO Scheduler started
2022-11-29 21:06:59 autoreload.py[line:677] INFO Watching for file changes with StatReloader
2022-11-29 21:07:08 base.py[line:171] INFO Scheduler started
2022-11-29 21:07:14 base.py[line:171] INFO Scheduler started
2022-11-29 21:07:17 base.py[line:171] INFO Scheduler started
2022-11-29 21:07:21 base.py[line:171] INFO Scheduler started
2022-11-29 21:07:22 base.py[line:171] INFO Scheduler started
2022-11-29 21:07:22 autoreload.py[line:677] INFO Watching for file changes with StatReloader
2022-11-29 21:08:31 autoreload.py[line:266] INFO C:\Users\virgi\Documents\Code\Python\donateNoti\donate\signals.py changed, reloading.
2022-11-29 21:08:32 base.py[line:171] INFO Scheduler started
2022-11-29 21:08:32 autoreload.py[line:677] INFO Watching for file changes with StatReloader
2022-11-29 21:17:18 autoreload.py[line:266] INFO C:\Users\virgi\Documents\Code\Python\donateNoti\donate\signals.py changed, reloading.
2022-11-29 21:17:18 base.py[line:171] INFO Scheduler started
2022-11-29 21:17:18 autoreload.py[line:677] INFO Watching for file changes with StatReloader
2022-11-29 21:37:03 autoreload.py[line:266] INFO C:\Users\virgi\Documents\Code\Python\donateNoti\donate\signals.py changed, reloading.
2022-11-29 21:37:04 base.py[line:171] INFO Scheduler started
2022-11-29 21:37:04 autoreload.py[line:677] INFO Watching for file changes with StatReloader
2022-11-29 22:26:15 autoreload.py[line:266] INFO C:\Users\virgi\Documents\Code\Python\donateNoti\donate\signals.py changed, reloading.
2022-11-29 22:26:16 base.py[line:171] INFO Scheduler started
2022-11-29 22:26:16 autoreload.py[line:677] INFO Watching for file changes with StatReloader
2022-11-29 22:31:44 autoreload.py[line:266] INFO C:\Users\virgi\Documents\Code\Python\donateNoti\donate\signals.py changed, reloading.
2022-11-29 22:31:44 base.py[line:171] INFO Scheduler started
2022-11-29 22:31:44 autoreload.py[line:677] INFO Watching for file changes with StatReloader
2022-11-29 22:32:50 autoreload.py[line:266] INFO C:\Users\virgi\Documents\Code\Python\donateNoti\donate\signals.py changed, reloading.
2022-11-29 22:32:50 base.py[line:171] INFO Scheduler started
2022-11-29 22:32:51 autoreload.py[line:677] INFO Watching for file changes with StatReloader
2022-11-29 22:43:18 autoreload.py[line:266] INFO C:\Users\virgi\Documents\Code\Python\donateNoti\donate\signals.py changed, reloading.
2022-11-29 22:43:18 base.py[line:171] INFO Scheduler started
2022-11-29 22:43:18 autoreload.py[line:677] INFO Watching for file changes with StatReloader
2022-11-29 22:45:47 autoreload.py[line:266] INFO C:\Users\virgi\Documents\Code\Python\donateNoti\donate\signals.py changed, reloading.
2022-11-29 22:45:48 base.py[line:171] INFO Scheduler started
2022-11-29 22:45:48 autoreload.py[line:677] INFO Watching for file changes with StatReloader
2022-11-29 22:57:28 autoreload.py[line:266] INFO C:\Users\virgi\Documents\Code\Python\donateNoti\donate\signals.py changed, reloading.
2022-11-29 22:57:29 base.py[line:171] INFO Scheduler started
2022-11-29 22:57:29 autoreload.py[line:677] INFO Watching for file changes with StatReloader
2022-11-29 22:57:44 autoreload.py[line:266] INFO C:\Users\virgi\Documents\Code\Python\donateNoti\donate\signals.py changed, reloading.
2022-11-29 22:57:45 base.py[line:171] INFO Scheduler started
2022-11-29 22:57:45 autoreload.py[line:677] INFO Watching for file changes with StatReloader
2022-11-29 22:58:51 autoreload.py[line:266] INFO C:\Users\virgi\Documents\Code\Python\donateNoti\donate\signals.py changed, reloading.
2022-11-29 22:58:52 base.py[line:171] INFO Scheduler started
2022-11-29 22:58:52 autoreload.py[line:677] INFO Watching for file changes with StatReloader
2022-11-29 23:01:57 autoreload.py[line:266] INFO C:\Users\virgi\Documents\Code\Python\donateNoti\donate\signals.py changed, reloading.
2022-11-29 23:01:58 base.py[line:171] INFO Scheduler started
2022-11-29 23:01:58 autoreload.py[line:677] INFO Watching for file changes with StatReloader
2022-11-29 23:02:27 autoreload.py[line:266] INFO C:\Users\virgi\Documents\Code\Python\donateNoti\donateNoti\settings.py changed, reloading.
2022-11-29 23:02:28 base.py[line:171] INFO Scheduler started
2022-11-29 23:02:28 autoreload.py[line:677] INFO Watching for file changes with StatReloader
2022-11-29 23:08:10 base.py[line:171] INFO Scheduler started
2022-11-29 23:08:11 base.py[line:171] INFO Scheduler started
2022-11-29 23:08:11 autoreload.py[line:677] INFO Watching for file changes with StatReloader
2022-11-29 23:08:37 autoreload.py[line:266] INFO C:\Users\virgi\Documents\Code\Python\donateNoti\donateNoti\settings.py changed, reloading.
2022-11-29 23:08:38 base.py[line:171] INFO Scheduler started
2022-11-29 23:08:38 autoreload.py[line:677] INFO Watching for file changes with StatReloader
2022-11-29 23:09:23 autoreload.py[line:266] INFO C:\Users\virgi\Documents\Code\Python\donateNoti\donate\signals.py changed, reloading.
2022-11-29 23:09:23 base.py[line:171] INFO Scheduler started
2022-11-29 23:09:23 autoreload.py[line:677] INFO Watching for file changes with StatReloader
2022-11-29 23:33:44 base.py[line:171] INFO Scheduler started
2022-11-29 23:34:11 base.py[line:171] INFO Scheduler started
2022-11-29 23:34:20 base.py[line:171] INFO Scheduler started
2022-11-30 00:04:28 base.py[line:171] INFO Scheduler started
2022-11-30 00:04:39 base.py[line:171] INFO Scheduler started
2022-11-30 00:04:54 base.py[line:171] INFO Scheduler started
2022-11-30 00:04:55 base.py[line:171] INFO Scheduler started
2022-11-30 00:04:55 autoreload.py[line:677] INFO Watching for file changes with StatReloader
2022-11-30 00:04:56 log.py[line:241] WARNING Not Found: /
2022-11-30 00:04:57 log.py[line:241] WARNING Not Found: /favicon.ico
2022-11-30 00:05:20 autoreload.py[line:266] INFO C:\Users\virgi\Documents\Code\Python\donateNoti\donate\admin.py changed, reloading.
2022-11-30 00:05:47 base.py[line:171] INFO Scheduler started
2022-11-30 00:05:48 base.py[line:171] INFO Scheduler started
2022-11-30 00:05:48 autoreload.py[line:677] INFO Watching for file changes with StatReloader
2022-11-30 00:06:07 autoreload.py[line:266] INFO C:\Users\virgi\Documents\Code\Python\donateNoti\donate\admin.py changed, reloading.
2022-11-30 00:06:07 base.py[line:171] INFO Scheduler started
2022-11-30 00:06:07 autoreload.py[line:677] INFO Watching for file changes with StatReloader
2022-11-30 00:07:02 autoreload.py[line:266] INFO C:\Users\virgi\Documents\Code\Python\donateNoti\donate\admin.py changed, reloading.
2022-11-30 00:07:02 base.py[line:171] INFO Scheduler started
2022-11-30 00:07:02 autoreload.py[line:677] INFO Watching for file changes with StatReloader
2022-11-30 00:07:18 autoreload.py[line:266] INFO C:\Users\virgi\Documents\Code\Python\donateNoti\donate\admin.py changed, reloading.
2022-11-30 00:07:19 base.py[line:171] INFO Scheduler started
2022-11-30 00:07:19 autoreload.py[line:677] INFO Watching for file changes with StatReloader
2022-11-30 00:07:57 base.py[line:171] INFO Scheduler started
2022-11-30 00:15:09 autoreload.py[line:266] INFO C:\Users\virgi\Documents\Code\Python\donateNoti\donate\signals.py changed, reloading.
2022-11-30 00:15:10 base.py[line:171] INFO Scheduler started
2022-11-30 00:15:10 autoreload.py[line:677] INFO Watching for file changes with StatReloader
2022-11-30 00:17:30 autoreload.py[line:266] INFO C:\Users\virgi\Documents\Code\Python\donateNoti\donate\signals.py changed, reloading.
2022-11-30 00:17:31 base.py[line:171] INFO Scheduler started
2022-11-30 00:17:31 autoreload.py[line:677] INFO Watching for file changes with StatReloader
2022-11-30 00:17:35 autoreload.py[line:266] INFO C:\Users\virgi\Documents\Code\Python\donateNoti\donate\signals.py changed, reloading.
2022-11-30 00:17:36 base.py[line:171] INFO Scheduler started
2022-11-30 00:17:36 autoreload.py[line:677] INFO Watching for file changes with StatReloader
2022-11-30 00:17:39 autoreload.py[line:266] INFO C:\Users\virgi\Documents\Code\Python\donateNoti\donate\signals.py changed, reloading.
2022-11-30 00:17:39 base.py[line:171] INFO Scheduler started
2022-11-30 00:17:39 autoreload.py[line:677] INFO Watching for file changes with StatReloader
2022-11-30 00:17:42 autoreload.py[line:266] INFO C:\Users\virgi\Documents\Code\Python\donateNoti\donate\signals.py changed, reloading.
2022-11-30 00:17:42 base.py[line:171] INFO Scheduler started
2022-11-30 00:17:43 autoreload.py[line:677] INFO Watching for file changes with StatReloader
2022-11-30 00:17:55 autoreload.py[line:266] INFO C:\Users\virgi\Documents\Code\Python\donateNoti\donate\signals.py changed, reloading.
2022-11-30 00:17:56 base.py[line:171] INFO Scheduler started
2022-11-30 00:17:56 autoreload.py[line:677] INFO Watching for file changes with StatReloader
2022-11-30 00:18:00 autoreload.py[line:266] INFO C:\Users\virgi\Documents\Code\Python\donateNoti\donate\signals.py changed, reloading.
2022-11-30 00:18:00 base.py[line:171] INFO Scheduler started
2022-11-30 00:18:01 autoreload.py[line:677] INFO Watching for file changes with StatReloader
2022-11-30 00:18:03 autoreload.py[line:266] INFO C:\Users\virgi\Documents\Code\Python\donateNoti\donate\signals.py changed, reloading.
2022-11-30 00:18:04 base.py[line:171] INFO Scheduler started
2022-11-30 00:18:04 autoreload.py[line:677] INFO Watching for file changes with StatReloader
2022-11-30 00:18:14 log.py[line:241] WARNING Not Found: /
2022-11-30 00:19:37 autoreload.py[line:266] INFO C:\Users\virgi\Documents\Code\Python\donateNoti\donate\admin.py changed, reloading.
2022-11-30 00:19:37 base.py[line:171] INFO Scheduler started
2022-11-30 00:19:38 autoreload.py[line:677] INFO Watching for file changes with StatReloader
2022-11-30 00:22:03 autoreload.py[line:266] INFO C:\Users\virgi\Documents\Code\Python\donateNoti\donate\signals.py changed, reloading.
2022-11-30 00:22:04 base.py[line:171] INFO Scheduler started
2022-11-30 00:22:04 autoreload.py[line:677] INFO Watching for file changes with StatReloader
2022-11-30 00:22:16 queue_wrapper.py[line:63] INFO Got queue 'DonateNoti' with URL=https://sqs.us-east-1.amazonaws.com/086413186534/DonateNoti
2022-11-30 00:22:16 log.py[line:241] ERROR Internal Server Error: /admin/donate/opay/1/change/
Traceback (most recent call last):
  File "C:\Users\virgi\Documents\Code\Python\donateNoti\.venv\Lib\site-packages\django\core\handlers\exception.py", line 55, in inner
    response = get_response(request)
               ^^^^^^^^^^^^^^^^^^^^^
  File "C:\Users\virgi\Documents\Code\Python\donateNoti\.venv\Lib\site-packages\django\core\handlers\base.py", line 197, in _get_response
    response = wrapped_callback(request, *callback_args, **callback_kwargs)
               ^^^^^^^^^^^^^^^^^^^^^^^^^^^^^^^^^^^^^^^^^^^^^^^^^^^^^^^^^^^^
  File "C:\Users\virgi\Documents\Code\Python\donateNoti\.venv\Lib\site-packages\django\contrib\admin\options.py", line 686, in wrapper
    return self.admin_site.admin_view(view)(*args, **kwargs)
           ^^^^^^^^^^^^^^^^^^^^^^^^^^^^^^^^^^^^^^^^^^^^^^^^^
  File "C:\Users\virgi\Documents\Code\Python\donateNoti\.venv\Lib\site-packages\django\utils\decorators.py", line 133, in _wrapped_view
    response = view_func(request, *args, **kwargs)
               ^^^^^^^^^^^^^^^^^^^^^^^^^^^^^^^^^^^
  File "C:\Users\virgi\Documents\Code\Python\donateNoti\.venv\Lib\site-packages\django\views\decorators\cache.py", line 62, in _wrapped_view_func
    response = view_func(request, *args, **kwargs)
               ^^^^^^^^^^^^^^^^^^^^^^^^^^^^^^^^^^^
  File "C:\Users\virgi\Documents\Code\Python\donateNoti\.venv\Lib\site-packages\django\contrib\admin\sites.py", line 242, in inner
    return view(request, *args, **kwargs)
           ^^^^^^^^^^^^^^^^^^^^^^^^^^^^^^
  File "C:\Users\virgi\Documents\Code\Python\donateNoti\.venv\Lib\site-packages\django\contrib\admin\options.py", line 1893, in change_view
    return self.changeform_view(request, object_id, form_url, extra_context)
           ^^^^^^^^^^^^^^^^^^^^^^^^^^^^^^^^^^^^^^^^^^^^^^^^^^^^^^^^^^^^^^^^^
  File "C:\Users\virgi\Documents\Code\Python\donateNoti\.venv\Lib\site-packages\django\utils\decorators.py", line 46, in _wrapper
    return bound_method(*args, **kwargs)
           ^^^^^^^^^^^^^^^^^^^^^^^^^^^^^
  File "C:\Users\virgi\Documents\Code\Python\donateNoti\.venv\Lib\site-packages\django\utils\decorators.py", line 133, in _wrapped_view
    response = view_func(request, *args, **kwargs)
               ^^^^^^^^^^^^^^^^^^^^^^^^^^^^^^^^^^^
  File "C:\Users\virgi\Documents\Code\Python\donateNoti\.venv\Lib\site-packages\django\contrib\admin\options.py", line 1750, in changeform_view
    return self._changeform_view(request, object_id, form_url, extra_context)
           ^^^^^^^^^^^^^^^^^^^^^^^^^^^^^^^^^^^^^^^^^^^^^^^^^^^^^^^^^^^^^^^^^^
  File "C:\Users\virgi\Documents\Code\Python\donateNoti\.venv\Lib\site-packages\django\contrib\admin\options.py", line 1802, in _changeform_view
    self.save_model(request, new_object, form, not add)
  File "C:\Users\virgi\Documents\Code\Python\donateNoti\.venv\Lib\site-packages\django\contrib\admin\options.py", line 1225, in save_model
    obj.save()
  File "C:\Users\virgi\Documents\Code\Python\donateNoti\.venv\Lib\site-packages\django\db\models\base.py", line 812, in save
    self.save_base(
  File "C:\Users\virgi\Documents\Code\Python\donateNoti\.venv\Lib\site-packages\django\db\models\base.py", line 878, in save_base
    post_save.send(
  File "C:\Users\virgi\Documents\Code\Python\donateNoti\.venv\Lib\site-packages\django\dispatch\dispatcher.py", line 176, in send
    return [
           ^
  File "C:\Users\virgi\Documents\Code\Python\donateNoti\.venv\Lib\site-packages\django\dispatch\dispatcher.py", line 177, in <listcomp>
    (receiver, receiver(signal=self, sender=sender, **named))
               ^^^^^^^^^^^^^^^^^^^^^^^^^^^^^^^^^^^^^^^^^^^^^
  File "C:\Users\virgi\Documents\Code\Python\donateNoti\donate\signals.py", line 86, in OpayNotifySend
    del data["dateTime"]
        ~~~~^^^^^^^^^^^^
KeyError: 'dateTime'
2022-11-30 00:22:51 autoreload.py[line:266] INFO C:\Users\virgi\Documents\Code\Python\donateNoti\donate\signals.py changed, reloading.
2022-11-30 00:22:52 base.py[line:171] INFO Scheduler started
2022-11-30 00:22:52 autoreload.py[line:677] INFO Watching for file changes with StatReloader
2022-11-30 00:23:26 autoreload.py[line:266] INFO C:\Users\virgi\Documents\Code\Python\donateNoti\donate\signals.py changed, reloading.
2022-11-30 00:23:26 base.py[line:171] INFO Scheduler started
2022-11-30 00:23:26 autoreload.py[line:677] INFO Watching for file changes with StatReloader
2022-11-30 00:23:44 autoreload.py[line:266] INFO C:\Users\virgi\Documents\Code\Python\donateNoti\donate\signals.py changed, reloading.
2022-11-30 00:23:45 base.py[line:171] INFO Scheduler started
2022-11-30 00:23:45 autoreload.py[line:677] INFO Watching for file changes with StatReloader
2022-11-30 00:23:58 autoreload.py[line:266] INFO C:\Users\virgi\Documents\Code\Python\donateNoti\donate\signals.py changed, reloading.
2022-11-30 00:23:59 base.py[line:171] INFO Scheduler started
2022-11-30 00:23:59 autoreload.py[line:677] INFO Watching for file changes with StatReloader
2022-11-30 00:24:01 autoreload.py[line:266] INFO C:\Users\virgi\Documents\Code\Python\donateNoti\donate\signals.py changed, reloading.
2022-11-30 00:24:02 base.py[line:171] INFO Scheduler started
2022-11-30 00:24:02 autoreload.py[line:677] INFO Watching for file changes with StatReloader
2022-11-30 00:24:05 queue_wrapper.py[line:63] INFO Got queue 'DonateNoti' with URL=https://sqs.us-east-1.amazonaws.com/086413186534/DonateNoti
2022-11-30 00:24:05 log.py[line:241] ERROR Internal Server Error: /admin/donate/opay/1/change/
Traceback (most recent call last):
  File "C:\Users\virgi\Documents\Code\Python\donateNoti\.venv\Lib\site-packages\django\core\handlers\exception.py", line 55, in inner
    response = get_response(request)
               ^^^^^^^^^^^^^^^^^^^^^
  File "C:\Users\virgi\Documents\Code\Python\donateNoti\.venv\Lib\site-packages\django\core\handlers\base.py", line 197, in _get_response
    response = wrapped_callback(request, *callback_args, **callback_kwargs)
               ^^^^^^^^^^^^^^^^^^^^^^^^^^^^^^^^^^^^^^^^^^^^^^^^^^^^^^^^^^^^
  File "C:\Users\virgi\Documents\Code\Python\donateNoti\.venv\Lib\site-packages\django\contrib\admin\options.py", line 686, in wrapper
    return self.admin_site.admin_view(view)(*args, **kwargs)
           ^^^^^^^^^^^^^^^^^^^^^^^^^^^^^^^^^^^^^^^^^^^^^^^^^
  File "C:\Users\virgi\Documents\Code\Python\donateNoti\.venv\Lib\site-packages\django\utils\decorators.py", line 133, in _wrapped_view
    response = view_func(request, *args, **kwargs)
               ^^^^^^^^^^^^^^^^^^^^^^^^^^^^^^^^^^^
  File "C:\Users\virgi\Documents\Code\Python\donateNoti\.venv\Lib\site-packages\django\views\decorators\cache.py", line 62, in _wrapped_view_func
    response = view_func(request, *args, **kwargs)
               ^^^^^^^^^^^^^^^^^^^^^^^^^^^^^^^^^^^
  File "C:\Users\virgi\Documents\Code\Python\donateNoti\.venv\Lib\site-packages\django\contrib\admin\sites.py", line 242, in inner
    return view(request, *args, **kwargs)
           ^^^^^^^^^^^^^^^^^^^^^^^^^^^^^^
  File "C:\Users\virgi\Documents\Code\Python\donateNoti\.venv\Lib\site-packages\django\contrib\admin\options.py", line 1893, in change_view
    return self.changeform_view(request, object_id, form_url, extra_context)
           ^^^^^^^^^^^^^^^^^^^^^^^^^^^^^^^^^^^^^^^^^^^^^^^^^^^^^^^^^^^^^^^^^
  File "C:\Users\virgi\Documents\Code\Python\donateNoti\.venv\Lib\site-packages\django\utils\decorators.py", line 46, in _wrapper
    return bound_method(*args, **kwargs)
           ^^^^^^^^^^^^^^^^^^^^^^^^^^^^^
  File "C:\Users\virgi\Documents\Code\Python\donateNoti\.venv\Lib\site-packages\django\utils\decorators.py", line 133, in _wrapped_view
    response = view_func(request, *args, **kwargs)
               ^^^^^^^^^^^^^^^^^^^^^^^^^^^^^^^^^^^
  File "C:\Users\virgi\Documents\Code\Python\donateNoti\.venv\Lib\site-packages\django\contrib\admin\options.py", line 1750, in changeform_view
    return self._changeform_view(request, object_id, form_url, extra_context)
           ^^^^^^^^^^^^^^^^^^^^^^^^^^^^^^^^^^^^^^^^^^^^^^^^^^^^^^^^^^^^^^^^^^
  File "C:\Users\virgi\Documents\Code\Python\donateNoti\.venv\Lib\site-packages\django\contrib\admin\options.py", line 1802, in _changeform_view
    self.save_model(request, new_object, form, not add)
  File "C:\Users\virgi\Documents\Code\Python\donateNoti\.venv\Lib\site-packages\django\contrib\admin\options.py", line 1225, in save_model
    obj.save()
  File "C:\Users\virgi\Documents\Code\Python\donateNoti\.venv\Lib\site-packages\django\db\models\base.py", line 812, in save
    self.save_base(
  File "C:\Users\virgi\Documents\Code\Python\donateNoti\.venv\Lib\site-packages\django\db\models\base.py", line 878, in save_base
    post_save.send(
  File "C:\Users\virgi\Documents\Code\Python\donateNoti\.venv\Lib\site-packages\django\dispatch\dispatcher.py", line 176, in send
    return [
           ^
  File "C:\Users\virgi\Documents\Code\Python\donateNoti\.venv\Lib\site-packages\django\dispatch\dispatcher.py", line 177, in <listcomp>
    (receiver, receiver(signal=self, sender=sender, **named))
               ^^^^^^^^^^^^^^^^^^^^^^^^^^^^^^^^^^^^^^^^^^^^^
  File "C:\Users\virgi\Documents\Code\Python\donateNoti\donate\signals.py", line 92, in OpayNotifySend
    data["streamer"] = Streamer.objects.get(id=data["id"]).twitchId
                                               ~~~~^^^^^^
KeyError: 'id'
2022-11-30 00:24:13 autoreload.py[line:266] INFO C:\Users\virgi\Documents\Code\Python\donateNoti\donate\signals.py changed, reloading.
2022-11-30 00:24:14 base.py[line:171] INFO Scheduler started
2022-11-30 00:24:14 autoreload.py[line:677] INFO Watching for file changes with StatReloader
2022-11-30 00:24:26 autoreload.py[line:266] INFO C:\Users\virgi\Documents\Code\Python\donateNoti\donate\signals.py changed, reloading.
2022-11-30 00:24:26 base.py[line:171] INFO Scheduler started
2022-11-30 00:24:26 autoreload.py[line:677] INFO Watching for file changes with StatReloader
2022-11-30 00:24:30 queue_wrapper.py[line:63] INFO Got queue 'DonateNoti' with URL=https://sqs.us-east-1.amazonaws.com/086413186534/DonateNoti
2022-11-30 00:24:30 log.py[line:241] ERROR Internal Server Error: /admin/donate/opay/1/change/
Traceback (most recent call last):
  File "C:\Users\virgi\Documents\Code\Python\donateNoti\.venv\Lib\site-packages\django\core\handlers\exception.py", line 55, in inner
    response = get_response(request)
               ^^^^^^^^^^^^^^^^^^^^^
  File "C:\Users\virgi\Documents\Code\Python\donateNoti\.venv\Lib\site-packages\django\core\handlers\base.py", line 197, in _get_response
    response = wrapped_callback(request, *callback_args, **callback_kwargs)
               ^^^^^^^^^^^^^^^^^^^^^^^^^^^^^^^^^^^^^^^^^^^^^^^^^^^^^^^^^^^^
  File "C:\Users\virgi\Documents\Code\Python\donateNoti\.venv\Lib\site-packages\django\contrib\admin\options.py", line 686, in wrapper
    return self.admin_site.admin_view(view)(*args, **kwargs)
           ^^^^^^^^^^^^^^^^^^^^^^^^^^^^^^^^^^^^^^^^^^^^^^^^^
  File "C:\Users\virgi\Documents\Code\Python\donateNoti\.venv\Lib\site-packages\django\utils\decorators.py", line 133, in _wrapped_view
    response = view_func(request, *args, **kwargs)
               ^^^^^^^^^^^^^^^^^^^^^^^^^^^^^^^^^^^
  File "C:\Users\virgi\Documents\Code\Python\donateNoti\.venv\Lib\site-packages\django\views\decorators\cache.py", line 62, in _wrapped_view_func
    response = view_func(request, *args, **kwargs)
               ^^^^^^^^^^^^^^^^^^^^^^^^^^^^^^^^^^^
  File "C:\Users\virgi\Documents\Code\Python\donateNoti\.venv\Lib\site-packages\django\contrib\admin\sites.py", line 242, in inner
    return view(request, *args, **kwargs)
           ^^^^^^^^^^^^^^^^^^^^^^^^^^^^^^
  File "C:\Users\virgi\Documents\Code\Python\donateNoti\.venv\Lib\site-packages\django\contrib\admin\options.py", line 1893, in change_view
    return self.changeform_view(request, object_id, form_url, extra_context)
           ^^^^^^^^^^^^^^^^^^^^^^^^^^^^^^^^^^^^^^^^^^^^^^^^^^^^^^^^^^^^^^^^^
  File "C:\Users\virgi\Documents\Code\Python\donateNoti\.venv\Lib\site-packages\django\utils\decorators.py", line 46, in _wrapper
    return bound_method(*args, **kwargs)
           ^^^^^^^^^^^^^^^^^^^^^^^^^^^^^
  File "C:\Users\virgi\Documents\Code\Python\donateNoti\.venv\Lib\site-packages\django\utils\decorators.py", line 133, in _wrapped_view
    response = view_func(request, *args, **kwargs)
               ^^^^^^^^^^^^^^^^^^^^^^^^^^^^^^^^^^^
  File "C:\Users\virgi\Documents\Code\Python\donateNoti\.venv\Lib\site-packages\django\contrib\admin\options.py", line 1750, in changeform_view
    return self._changeform_view(request, object_id, form_url, extra_context)
           ^^^^^^^^^^^^^^^^^^^^^^^^^^^^^^^^^^^^^^^^^^^^^^^^^^^^^^^^^^^^^^^^^^
  File "C:\Users\virgi\Documents\Code\Python\donateNoti\.venv\Lib\site-packages\django\contrib\admin\options.py", line 1802, in _changeform_view
    self.save_model(request, new_object, form, not add)
  File "C:\Users\virgi\Documents\Code\Python\donateNoti\.venv\Lib\site-packages\django\contrib\admin\options.py", line 1225, in save_model
    obj.save()
  File "C:\Users\virgi\Documents\Code\Python\donateNoti\.venv\Lib\site-packages\django\db\models\base.py", line 812, in save
    self.save_base(
  File "C:\Users\virgi\Documents\Code\Python\donateNoti\.venv\Lib\site-packages\django\db\models\base.py", line 878, in save_base
    post_save.send(
  File "C:\Users\virgi\Documents\Code\Python\donateNoti\.venv\Lib\site-packages\django\dispatch\dispatcher.py", line 176, in send
    return [
           ^
  File "C:\Users\virgi\Documents\Code\Python\donateNoti\.venv\Lib\site-packages\django\dispatch\dispatcher.py", line 177, in <listcomp>
    (receiver, receiver(signal=self, sender=sender, **named))
               ^^^^^^^^^^^^^^^^^^^^^^^^^^^^^^^^^^^^^^^^^^^^^
  File "C:\Users\virgi\Documents\Code\Python\donateNoti\donate\signals.py", line 92, in OpayNotifySend
    message = json.dumps(data, cls=jsonExtend.DecimalEncoder)
                                   ^^^^^^^^^^
NameError: name 'jsonExtend' is not defined
2022-11-30 00:24:52 autoreload.py[line:266] INFO C:\Users\virgi\Documents\Code\Python\donateNoti\donate\signals.py changed, reloading.
2022-11-30 00:24:52 base.py[line:171] INFO Scheduler started
2022-11-30 00:24:53 autoreload.py[line:677] INFO Watching for file changes with StatReloader
2022-11-30 00:24:55 queue_wrapper.py[line:63] INFO Got queue 'DonateNoti' with URL=https://sqs.us-east-1.amazonaws.com/086413186534/DonateNoti
